/*C2*/SET SCHEMA PUBLIC
DISCONNECT
/*C2*/SET SCHEMA PUBLIC
create sequence hibernate_sequence start with 1 increment by 1
/*C3*/SET SCHEMA PUBLIC
create sequence hibernate_sequence start with 1 increment by 1
/*C4*/SET SCHEMA PUBLIC
DISCONNECT
/*C2*/SET SCHEMA PUBLIC
DELETE FROM PLAYERS WHERE ID=1
INSERT INTO PLAYERS VALUES(1,'Lutz Diederich','Sir Mythos',NULL,'Kramer')
COMMIT
DISCONNECT
/*C2*/SET SCHEMA PUBLIC
DELETE FROM PLAYERS WHERE ID=1
INSERT INTO PLAYERS VALUES(1,'Lutz','Sir Mythos',NULL,'Kramer')
COMMIT
DISCONNECT
/*C2*/SET SCHEMA PUBLIC
DELETE FROM PLAYERS WHERE ID=1
INSERT INTO PLAYERS VALUES(1,'Lutz Diederich','Sir Mythos',NULL,'Kramer')
COMMIT
DISCONNECT
/*C2*/SET SCHEMA PUBLIC
DISCONNECT
/*C2*/SET SCHEMA PUBLIC
DISCONNECT
/*C2*/SET SCHEMA PUBLIC
DELETE FROM PLAYERS WHERE ID=1
INSERT INTO PLAYERS VALUES(1,'Lutz','Sir Mythos',NULL,'Kramer')
COMMIT
DISCONNECT
